<?xml version="1.0" encoding="UTF-8"?>
<testng-results ignored="0" total="4" passed="4" failed="0" skipped="0">
  <reporter-output>
  </reporter-output>
  <suite started-at="2026-01-27T10:30:49 GMT" name="Surefire suite" finished-at="2026-01-27T10:30:53 GMT" duration-ms="4396">
    <groups>
      <group name="cucumber">
        <method signature="AbstractTestNGCucumberTests.runScenario(io.cucumber.testng.PickleWrapper,io.cucumber.testng.FeatureWrapper)[pri:0, instance:com.saucedemo.runners.CucumberTestRunner@48ae9b55]" name="runScenario" class="io.cucumber.testng.AbstractTestNGCucumberTests"/>
      </group> <!-- cucumber -->
    </groups>
    <test started-at="2026-01-27T10:30:49 GMT" name="Surefire test" finished-at="2026-01-27T10:30:53 GMT" duration-ms="4396">
      <class name="com.saucedemo.runners.CucumberTestRunner">
        <test-method is-config="true" signature="setUpClass(org.testng.ITestContext)[pri:0, instance:com.saucedemo.runners.CucumberTestRunner@48ae9b55]" started-at="2026-01-27T10:30:49 GMT" name="setUpClass" finished-at="2026-01-27T10:30:49 GMT" duration-ms="328" status="PASS">
          <params>
            <param index="0">
              <value>
                <![CDATA[org.testng.TestRunner@a37aefe]]>
              </value>
            </param>
          </params>
          <reporter-output>
          </reporter-output>
        </test-method> <!-- setUpClass -->
        <test-method signature="runScenario(io.cucumber.testng.PickleWrapper,io.cucumber.testng.FeatureWrapper)[pri:0, instance:com.saucedemo.runners.CucumberTestRunner@48ae9b55]" started-at="2026-01-27T10:30:49 GMT" name="runScenario" description="Runs Cucumber Scenarios" data-provider="scenarios" finished-at="2026-01-27T10:30:53 GMT" duration-ms="3892" status="PASS">
          <params>
            <param index="0">
              <value>
                <![CDATA["Valid user logs successfully"]]>
              </value>
            </param>
            <param index="1">
              <value>
                <![CDATA["Saucedemo basic purchase flow"]]>
              </value>
            </param>
          </params>
          <reporter-output>
          </reporter-output>
        </test-method> <!-- runScenario -->
        <test-method signature="runScenario(io.cucumber.testng.PickleWrapper,io.cucumber.testng.FeatureWrapper)[pri:0, instance:com.saucedemo.runners.CucumberTestRunner@48ae9b55]" started-at="2026-01-27T10:30:49 GMT" name="runScenario" description="Runs Cucumber Scenarios" data-provider="scenarios" finished-at="2026-01-27T10:30:53 GMT" duration-ms="3919" status="PASS">
          <params>
            <param index="0">
              <value>
                <![CDATA["login with invalid username and valid password shows an error"]]>
              </value>
            </param>
            <param index="1">
              <value>
                <![CDATA["Saucedemo basic purchase flow"]]>
              </value>
            </param>
          </params>
          <reporter-output>
          </reporter-output>
        </test-method> <!-- runScenario -->
        <test-method signature="runScenario(io.cucumber.testng.PickleWrapper,io.cucumber.testng.FeatureWrapper)[pri:0, instance:com.saucedemo.runners.CucumberTestRunner@48ae9b55]" started-at="2026-01-27T10:30:49 GMT" name="runScenario" description="Runs Cucumber Scenarios" data-provider="scenarios" finished-at="2026-01-27T10:30:53 GMT" duration-ms="3983" status="PASS">
          <params>
            <param index="0">
              <value>
                <![CDATA["login with valid username and invalid password shows an error"]]>
              </value>
            </param>
            <param index="1">
              <value>
                <![CDATA["Saucedemo basic purchase flow"]]>
              </value>
            </param>
          </params>
          <reporter-output>
          </reporter-output>
        </test-method> <!-- runScenario -->
        <test-method signature="runScenario(io.cucumber.testng.PickleWrapper,io.cucumber.testng.FeatureWrapper)[pri:0, instance:com.saucedemo.runners.CucumberTestRunner@48ae9b55]" started-at="2026-01-27T10:30:49 GMT" name="runScenario" description="Runs Cucumber Scenarios" data-provider="scenarios" finished-at="2026-01-27T10:30:53 GMT" duration-ms="3951" status="PASS">
          <params>
            <param index="0">
              <value>
                <![CDATA["locked user login shows an error"]]>
              </value>
            </param>
            <param index="1">
              <value>
                <![CDATA["Saucedemo basic purchase flow"]]>
              </value>
            </param>
          </params>
          <reporter-output>
          </reporter-output>
        </test-method> <!-- runScenario -->
        <test-method is-config="true" signature="tearDownClass()[pri:0, instance:com.saucedemo.runners.CucumberTestRunner@48ae9b55]" started-at="2026-01-27T10:30:53 GMT" name="tearDownClass" finished-at="2026-01-27T10:30:53 GMT" duration-ms="4" status="PASS">
          <reporter-output>
          </reporter-output>
        </test-method> <!-- tearDownClass -->
      </class> <!-- com.saucedemo.runners.CucumberTestRunner -->
    </test> <!-- Surefire test -->
  </suite> <!-- Surefire suite -->
</testng-results>
