<?xml version="1.0" encoding="UTF-8"?>
<testsuite xmlns:xsi="http://www.w3.org/2001/XMLSchema-instance" xsi:noNamespaceSchemaLocation="https://maven.apache.org/surefire/maven-surefire-plugin/xsd/surefire-test-report-3.0.xsd" version="3.0" name="com.saucedemo.runners.CucumberTestRunner" time="5.109" tests="4" errors="0" skipped="0" failures="0">
  <properties>
[...]
</properties>
  <testcase name="runScenario[&quot;Valid user logs successfully&quot;, &quot;Saucedemo basic purchase flow&quot;](1)" classname="com.saucedemo.runners.CucumberTestRunner" time="3.889">
    <system-out><![CDATA[
@neg @smoke
Scenario: locked user login shows an error                                    # src/test/resources/features/saucedemo_login.feature:11

@neg @smoke
Scenario: login with invalid username and valid password shows an error                                     # src/test/resources/features/saucedemo_login.feature:16

@smoke
Scenario: Valid user logs successfully                                      # src/test/resources/features/saucedemo_login.feature:6

@neg @smoke
Scenario: login with valid username and invalid password shows an error                                     # src/test/resources/features/saucedemo_login.feature:21
  Given user open the Swag Labs login page                                  # com.saucedemo.steps.SaucedemoSteps.openLogin()
  Given user open the Swag Labs login page                                                                  # com.saucedemo.steps.SaucedemoSteps.openLogin()
  Given user open the Swag Labs login page                                    # com.saucedemo.steps.SaucedemoSteps.openLogin()
  Given user open the Swag Labs login page                                                                  # com.saucedemo.steps.SaucedemoSteps.openLogin()
  When user login with wrong username "locked_out_user123" and password "secret_sauce"                      # com.saucedemo.steps.SaucedemoSteps.userLoginWithWrongUsernameAndPassword(java.lang.String,java.lang.String)
  When user login with username "standard_user" and password "secret_sauce" # com.saucedemo.steps.SaucedemoSteps.login(java.lang.String,java.lang.String)
  When user login with username "locked_out_user" and password "secret_sauce" # com.saucedemo.steps.SaucedemoSteps.login(java.lang.String,java.lang.String)
  Then user should be on the products page                                  # com.saucedemo.steps.SaucedemoSteps.assertLoggedIn()
  Then user should see an error "Epic sadface: Username and password do not match any user in this service" # com.saucedemo.steps.SaucedemoSteps.assertLoginError(java.lang.String)
  When user login with username "standard_user" and wrong password "secret_sauce123"                        # com.saucedemo.steps.SaucedemoSteps.userLoginWithUsernameAndWrongPassword(java.lang.String,java.lang.String)
  Then user should see an error "Sorry, this user has been locked out"        # com.saucedemo.steps.SaucedemoSteps.assertLoginError(java.lang.String)
  Then user should see an error "Epic sadface: Username and password do not match any user in this service" # com.saucedemo.steps.SaucedemoSteps.assertLoginError(java.lang.String)
]]></system-out>
    <system-err><![CDATA[SLF4J: Failed to load class "org.slf4j.impl.StaticLoggerBinder".
SLF4J: Defaulting to no-operation (NOP) logger implementation
SLF4J: See http://www.slf4j.org/codes.html#StaticLoggerBinder for further details.
Jan 27, 2026 10:30:51 AM org.openqa.selenium.devtools.CdpVersionFinder findNearestMatch
WARNING: Unable to find CDP implementation matching 144
Jan 27, 2026 10:30:51 AM org.openqa.selenium.devtools.CdpVersionFinder findNearestMatch
WARNING: Unable to find CDP implementation matching 144
Jan 27, 2026 10:30:51 AM org.openqa.selenium.devtools.CdpVersionFinder findNearestMatch
WARNING: Unable to find CDP implementation matching 144
Jan 27, 2026 10:30:51 AM org.openqa.selenium.devtools.CdpVersionFinder findNearestMatch
WARNING: Unable to find CDP implementation matching 144
Jan 27, 2026 10:30:51 AM org.openqa.selenium.chromium.ChromiumDriver lambda$new$5
WARNING: Unable to find version of CDP to use for 144.0.7559.97. You may need to include a dependency on a specific version of the CDP using something similar to `org.seleniumhq.selenium:selenium-devtools-v86:4.23.0` where the version ("v86") matches the version of the chromium-based browser you're using and the version number of the artifact is the same as Selenium's.
Jan 27, 2026 10:30:51 AM org.openqa.selenium.chromium.ChromiumDriver lambda$new$5
WARNING: Unable to find version of CDP to use for 144.0.7559.97. You may need to include a dependency on a specific version of the CDP using something similar to `org.seleniumhq.selenium:selenium-devtools-v86:4.23.0` where the version ("v86") matches the version of the chromium-based browser you're using and the version number of the artifact is the same as Selenium's.
Jan 27, 2026 10:30:51 AM org.openqa.selenium.chromium.ChromiumDriver lambda$new$5
WARNING: Unable to find version of CDP to use for 144.0.7559.97. You may need to include a dependency on a specific version of the CDP using something similar to `org.seleniumhq.selenium:selenium-devtools-v86:4.23.0` where the version ("v86") matches the version of the chromium-based browser you're using and the version number of the artifact is the same as Selenium's.
Jan 27, 2026 10:30:51 AM org.openqa.selenium.chromium.ChromiumDriver lambda$new$5
WARNING: Unable to find version of CDP to use for 144.0.7559.97. You may need to include a dependency on a specific version of the CDP using something similar to `org.seleniumhq.selenium:selenium-devtools-v86:4.23.0` where the version ("v86") matches the version of the chromium-based browser you're using and the version number of the artifact is the same as Selenium's.
]]></system-err>
  </testcase>
  <testcase name="runScenario[&quot;login with invalid username and valid password shows an error&quot;, &quot;Saucedemo basic purchase flow&quot;](2)" classname="com.saucedemo.runners.CucumberTestRunner" time="3.913"/>
  <testcase name="runScenario[&quot;locked user login shows an error&quot;, &quot;Saucedemo basic purchase flow&quot;](3)" classname="com.saucedemo.runners.CucumberTestRunner" time="3.946"/>
  <testcase name="runScenario[&quot;login with valid username and invalid password shows an error&quot;, &quot;Saucedemo basic purchase flow&quot;](4)" classname="com.saucedemo.runners.CucumberTestRunner" time="3.977"/>
</testsuite>