<?xml version="1.0" encoding="UTF-8"?>
<!-- Generated by org.testng.reporters.JUnitReportReporter -->
<testsuite hostname="Bharath" failures="0" tests="4" name="com.saucedemo.runners.CucumberTestRunner" time="15.745" errors="0" timestamp="2026-01-27T10:30:53 GMT" skipped="0">
  <testcase classname="com.saucedemo.runners.CucumberTestRunner" name="runScenario" time="3.892"/>
  <testcase classname="com.saucedemo.runners.CucumberTestRunner" name="runScenario" time="3.919"/>
  <testcase classname="com.saucedemo.runners.CucumberTestRunner" name="runScenario" time="3.983"/>
  <testcase classname="com.saucedemo.runners.CucumberTestRunner" name="runScenario" time="3.951"/>
</testsuite> <!-- com.saucedemo.runners.CucumberTestRunner -->
